2019-05-15 14:48:56,059 [INFO]  
========== start: fit model
2019-05-15 14:48:56,059 [WARNING]  Already bound, ignoring bind()
2019-05-15 14:48:57,725 [INFO]  Epoch[0] Batch [0-1475]	Speed: 14390.01 samples/sec	cross-entropy=11.437090	Weekly_Sales-accuracy=0.000000
2019-05-15 14:48:59,322 [INFO]  Epoch[0] Train-cross-entropy=10.676553
2019-05-15 14:48:59,322 [INFO]  Epoch[0] Train-Weekly_Sales-accuracy=0.000000
2019-05-15 14:48:59,323 [INFO]  Epoch[0] Time cost=3.261
2019-05-15 14:48:59,335 [INFO]  Saved checkpoint to "imputer_model/model-0000.params"
2019-05-15 14:48:59,499 [INFO]  Epoch[0] Validation-cross-entropy=8.126632
2019-05-15 14:48:59,499 [INFO]  Epoch[0] Validation-Weekly_Sales-accuracy=0.000000
2019-05-15 14:49:01,142 [INFO]  Epoch[1] Batch [0-1475]	Speed: 14376.54 samples/sec	cross-entropy=9.156501	Weekly_Sales-accuracy=0.000000
2019-05-15 14:49:02,748 [INFO]  Epoch[1] Train-cross-entropy=9.156513
2019-05-15 14:49:02,748 [INFO]  Epoch[1] Train-Weekly_Sales-accuracy=0.000000
2019-05-15 14:49:02,748 [INFO]  Epoch[1] Time cost=3.249
2019-05-15 14:49:02,751 [INFO]  Saved checkpoint to "imputer_model/model-0001.params"
2019-05-15 14:49:02,914 [INFO]  Epoch[1] Validation-cross-entropy=7.923154
2019-05-15 14:49:02,914 [INFO]  Epoch[1] Validation-Weekly_Sales-accuracy=0.000000
2019-05-15 14:49:04,533 [INFO]  Epoch[2] Batch [0-1475]	Speed: 14601.38 samples/sec	cross-entropy=8.475681	Weekly_Sales-accuracy=0.000000
2019-05-15 14:49:06,144 [INFO]  Epoch[2] Train-cross-entropy=8.659260
2019-05-15 14:49:06,145 [INFO]  Epoch[2] Train-Weekly_Sales-accuracy=0.000000
2019-05-15 14:49:06,145 [INFO]  Epoch[2] Time cost=3.230
2019-05-15 14:49:06,148 [INFO]  Saved checkpoint to "imputer_model/model-0002.params"
2019-05-15 14:49:06,317 [INFO]  Epoch[2] Validation-cross-entropy=7.784606
2019-05-15 14:49:06,317 [INFO]  Epoch[2] Validation-Weekly_Sales-accuracy=0.000000
2019-05-15 14:49:07,932 [INFO]  Epoch[3] Batch [0-1475]	Speed: 14629.85 samples/sec	cross-entropy=8.171292	Weekly_Sales-accuracy=0.000000
2019-05-15 14:49:09,551 [INFO]  Epoch[3] Train-cross-entropy=8.346887
2019-05-15 14:49:09,551 [INFO]  Epoch[3] Train-Weekly_Sales-accuracy=0.000000
2019-05-15 14:49:09,551 [INFO]  Epoch[3] Time cost=3.234
2019-05-15 14:49:09,554 [INFO]  Saved checkpoint to "imputer_model/model-0003.params"
2019-05-15 14:49:09,722 [INFO]  Epoch[3] Validation-cross-entropy=7.593413
2019-05-15 14:49:09,723 [INFO]  Epoch[3] Validation-Weekly_Sales-accuracy=0.000000
2019-05-15 14:49:11,336 [INFO]  Epoch[4] Batch [0-1475]	Speed: 14644.52 samples/sec	cross-entropy=7.799465	Weekly_Sales-accuracy=0.000000
2019-05-15 14:49:12,946 [INFO]  Epoch[4] Train-cross-entropy=8.075341
2019-05-15 14:49:12,946 [INFO]  Epoch[4] Train-Weekly_Sales-accuracy=0.000000
2019-05-15 14:49:12,946 [INFO]  Epoch[4] Time cost=3.224
2019-05-15 14:49:12,949 [INFO]  Saved checkpoint to "imputer_model/model-0004.params"
2019-05-15 14:49:13,139 [INFO]  Epoch[4] Validation-cross-entropy=7.493761
2019-05-15 14:49:13,139 [INFO]  Epoch[4] Validation-Weekly_Sales-accuracy=0.000000
2019-05-15 14:49:14,767 [INFO]  Epoch[5] Batch [0-1475]	Speed: 14511.84 samples/sec	cross-entropy=7.575984	Weekly_Sales-accuracy=0.000000
2019-05-15 14:49:16,367 [INFO]  Epoch[5] Train-cross-entropy=7.912444
2019-05-15 14:49:16,367 [INFO]  Epoch[5] Train-Weekly_Sales-accuracy=0.000000
2019-05-15 14:49:16,368 [INFO]  Epoch[5] Time cost=3.228
2019-05-15 14:49:16,370 [INFO]  Saved checkpoint to "imputer_model/model-0005.params"
2019-05-15 14:49:16,544 [INFO]  Epoch[5] Validation-cross-entropy=7.657581
2019-05-15 14:49:16,544 [INFO]  Epoch[5] Validation-Weekly_Sales-accuracy=0.000000
2019-05-15 14:49:18,163 [INFO]  Epoch[6] Batch [0-1475]	Speed: 14590.01 samples/sec	cross-entropy=7.413980	Weekly_Sales-accuracy=0.000000
2019-05-15 14:49:19,809 [INFO]  Epoch[6] Train-cross-entropy=7.706529
2019-05-15 14:49:19,810 [INFO]  Epoch[6] Train-Weekly_Sales-accuracy=0.000000
2019-05-15 14:49:19,810 [INFO]  Epoch[6] Time cost=3.265
2019-05-15 14:49:19,813 [INFO]  Saved checkpoint to "imputer_model/model-0006.params"
2019-05-15 14:49:19,969 [INFO]  Epoch[6] Validation-cross-entropy=7.376567
2019-05-15 14:49:19,969 [INFO]  Epoch[6] Validation-Weekly_Sales-accuracy=0.000000
2019-05-15 14:49:21,606 [INFO]  Epoch[7] Batch [0-1475]	Speed: 14430.26 samples/sec	cross-entropy=7.163705	Weekly_Sales-accuracy=0.000000
2019-05-15 14:49:23,219 [INFO]  Epoch[7] Train-cross-entropy=7.544928
2019-05-15 14:49:23,220 [INFO]  Epoch[7] Train-Weekly_Sales-accuracy=0.000000
2019-05-15 14:49:23,220 [INFO]  Epoch[7] Time cost=3.251
2019-05-15 14:49:23,222 [INFO]  Saved checkpoint to "imputer_model/model-0007.params"
2019-05-15 14:49:23,380 [INFO]  Epoch[7] Validation-cross-entropy=7.276489
2019-05-15 14:49:23,380 [INFO]  Epoch[7] Validation-Weekly_Sales-accuracy=0.000000
2019-05-15 14:49:24,992 [INFO]  Epoch[8] Batch [0-1475]	Speed: 14657.35 samples/sec	cross-entropy=7.057160	Weekly_Sales-accuracy=0.000000
2019-05-15 14:49:26,605 [INFO]  Epoch[8] Train-cross-entropy=7.438754
2019-05-15 14:49:26,605 [INFO]  Epoch[8] Train-Weekly_Sales-accuracy=0.000000
2019-05-15 14:49:26,605 [INFO]  Epoch[8] Time cost=3.225
2019-05-15 14:49:26,608 [INFO]  Saved checkpoint to "imputer_model/model-0008.params"
2019-05-15 14:49:26,774 [INFO]  Epoch[8] Validation-cross-entropy=7.388217
2019-05-15 14:49:26,774 [INFO]  Epoch[8] Validation-Weekly_Sales-accuracy=0.000000
2019-05-15 14:49:28,391 [INFO]  Epoch[9] Batch [0-1475]	Speed: 14614.89 samples/sec	cross-entropy=6.941118	Weekly_Sales-accuracy=0.000000
2019-05-15 14:49:30,119 [INFO]  Epoch[9] Train-cross-entropy=7.370262
2019-05-15 14:49:30,119 [INFO]  Epoch[9] Train-Weekly_Sales-accuracy=0.000000
2019-05-15 14:49:30,119 [INFO]  Epoch[9] Time cost=3.344
2019-05-15 14:49:30,124 [INFO]  Saved checkpoint to "imputer_model/model-0009.params"
2019-05-15 14:49:30,292 [INFO]  Epoch[9] Validation-cross-entropy=7.171986
2019-05-15 14:49:30,293 [INFO]  Epoch[9] Validation-Weekly_Sales-accuracy=0.000000
2019-05-15 14:49:31,897 [INFO]  Epoch[10] Batch [0-1475]	Speed: 14721.81 samples/sec	cross-entropy=6.853064	Weekly_Sales-accuracy=0.000000
2019-05-15 14:49:33,496 [INFO]  Epoch[10] Train-cross-entropy=7.232601
2019-05-15 14:49:33,496 [INFO]  Epoch[10] Train-Weekly_Sales-accuracy=0.000000
2019-05-15 14:49:33,496 [INFO]  Epoch[10] Time cost=3.204
2019-05-15 14:49:33,500 [INFO]  Saved checkpoint to "imputer_model/model-0010.params"
2019-05-15 14:49:33,662 [INFO]  Epoch[10] Validation-cross-entropy=7.100950
2019-05-15 14:49:33,662 [INFO]  Epoch[10] Validation-Weekly_Sales-accuracy=0.000000
2019-05-15 14:49:35,270 [INFO]  Epoch[11] Batch [0-1475]	Speed: 14694.37 samples/sec	cross-entropy=6.735910	Weekly_Sales-accuracy=0.000000
2019-05-15 14:49:36,891 [INFO]  Epoch[11] Train-cross-entropy=7.127204
2019-05-15 14:49:36,891 [INFO]  Epoch[11] Train-Weekly_Sales-accuracy=0.000000
2019-05-15 14:49:36,892 [INFO]  Epoch[11] Time cost=3.229
2019-05-15 14:49:36,896 [INFO]  Saved checkpoint to "imputer_model/model-0011.params"
2019-05-15 14:49:37,072 [INFO]  Epoch[11] Validation-cross-entropy=7.068251
2019-05-15 14:49:37,072 [INFO]  Epoch[11] Validation-Weekly_Sales-accuracy=0.000000
2019-05-15 14:49:38,691 [INFO]  Epoch[12] Batch [0-1475]	Speed: 14588.80 samples/sec	cross-entropy=6.661298	Weekly_Sales-accuracy=0.000000
2019-05-15 14:49:40,288 [INFO]  Epoch[12] Train-cross-entropy=7.080108
2019-05-15 14:49:40,288 [INFO]  Epoch[12] Train-Weekly_Sales-accuracy=0.000000
2019-05-15 14:49:40,288 [INFO]  Epoch[12] Time cost=3.216
2019-05-15 14:49:40,291 [INFO]  Saved checkpoint to "imputer_model/model-0012.params"
2019-05-15 14:49:40,451 [INFO]  Epoch[12] Validation-cross-entropy=6.851404
2019-05-15 14:49:40,451 [INFO]  Epoch[12] Validation-Weekly_Sales-accuracy=0.000000
2019-05-15 14:49:42,038 [INFO]  Epoch[13] Batch [0-1475]	Speed: 14884.12 samples/sec	cross-entropy=6.573680	Weekly_Sales-accuracy=0.000000
2019-05-15 14:49:43,616 [INFO]  Epoch[13] Train-cross-entropy=7.009371
2019-05-15 14:49:43,616 [INFO]  Epoch[13] Train-Weekly_Sales-accuracy=0.000000
2019-05-15 14:49:43,617 [INFO]  Epoch[13] Time cost=3.165
2019-05-15 14:49:43,621 [INFO]  Saved checkpoint to "imputer_model/model-0013.params"
2019-05-15 14:49:43,795 [INFO]  Epoch[13] Validation-cross-entropy=6.848041
2019-05-15 14:49:43,795 [INFO]  Epoch[13] Validation-Weekly_Sales-accuracy=0.000000
2019-05-15 14:49:45,434 [INFO]  Epoch[14] Batch [0-1475]	Speed: 14414.16 samples/sec	cross-entropy=6.496978	Weekly_Sales-accuracy=0.000000
2019-05-15 14:49:47,017 [INFO]  Epoch[14] Train-cross-entropy=6.935575
2019-05-15 14:49:47,017 [INFO]  Epoch[14] Train-Weekly_Sales-accuracy=0.000000
2019-05-15 14:49:47,017 [INFO]  Epoch[14] Time cost=3.222
2019-05-15 14:49:47,020 [INFO]  Saved checkpoint to "imputer_model/model-0014.params"
2019-05-15 14:49:47,192 [INFO]  Epoch[14] Validation-cross-entropy=6.825360
2019-05-15 14:49:47,192 [INFO]  Epoch[14] Validation-Weekly_Sales-accuracy=0.000000
2019-05-15 14:49:48,784 [INFO]  Epoch[15] Batch [0-1475]	Speed: 14837.85 samples/sec	cross-entropy=6.471381	Weekly_Sales-accuracy=0.000000
2019-05-15 14:49:50,379 [INFO]  Epoch[15] Train-cross-entropy=6.900511
2019-05-15 14:49:50,379 [INFO]  Epoch[15] Train-Weekly_Sales-accuracy=0.000000
2019-05-15 14:49:50,379 [INFO]  Epoch[15] Time cost=3.187
2019-05-15 14:49:50,383 [INFO]  Saved checkpoint to "imputer_model/model-0015.params"
2019-05-15 14:49:50,544 [INFO]  Epoch[15] Validation-cross-entropy=6.660805
2019-05-15 14:49:50,544 [INFO]  Epoch[15] Validation-Weekly_Sales-accuracy=0.000000
2019-05-15 14:49:52,159 [INFO]  Epoch[16] Batch [0-1475]	Speed: 14627.41 samples/sec	cross-entropy=6.417017	Weekly_Sales-accuracy=0.000000
2019-05-15 14:49:53,776 [INFO]  Epoch[16] Train-cross-entropy=6.860789
2019-05-15 14:49:53,777 [INFO]  Epoch[16] Train-Weekly_Sales-accuracy=0.000000
2019-05-15 14:49:53,777 [INFO]  Epoch[16] Time cost=3.233
2019-05-15 14:49:53,779 [INFO]  Saved checkpoint to "imputer_model/model-0016.params"
2019-05-15 14:49:53,940 [INFO]  Epoch[16] Validation-cross-entropy=6.575333
2019-05-15 14:49:53,940 [INFO]  Epoch[16] Validation-Weekly_Sales-accuracy=0.000000
2019-05-15 14:49:55,593 [INFO]  Epoch[17] Batch [0-1475]	Speed: 14290.90 samples/sec	cross-entropy=6.404633	Weekly_Sales-accuracy=0.000000
2019-05-15 14:49:57,195 [INFO]  Epoch[17] Train-cross-entropy=6.838796
2019-05-15 14:49:57,195 [INFO]  Epoch[17] Train-Weekly_Sales-accuracy=0.000000
2019-05-15 14:49:57,195 [INFO]  Epoch[17] Time cost=3.255
2019-05-15 14:49:57,197 [INFO]  Saved checkpoint to "imputer_model/model-0017.params"
2019-05-15 14:49:57,347 [INFO]  Epoch[17] Validation-cross-entropy=6.655940
2019-05-15 14:49:57,347 [INFO]  Epoch[17] Validation-Weekly_Sales-accuracy=0.000000
2019-05-15 14:49:58,969 [INFO]  Epoch[18] Batch [0-1475]	Speed: 14564.55 samples/sec	cross-entropy=6.349445	Weekly_Sales-accuracy=0.000000
2019-05-15 14:50:00,571 [INFO]  Epoch[18] Train-cross-entropy=6.772476
2019-05-15 14:50:00,572 [INFO]  Epoch[18] Train-Weekly_Sales-accuracy=0.000000
2019-05-15 14:50:00,572 [INFO]  Epoch[18] Time cost=3.225
2019-05-15 14:50:00,575 [INFO]  Saved checkpoint to "imputer_model/model-0018.params"
2019-05-15 14:50:00,733 [INFO]  Epoch[18] Validation-cross-entropy=6.762878
2019-05-15 14:50:00,734 [INFO]  Epoch[18] Validation-Weekly_Sales-accuracy=0.000000
2019-05-15 14:50:02,345 [INFO]  Epoch[19] Batch [0-1475]	Speed: 14660.15 samples/sec	cross-entropy=6.381396	Weekly_Sales-accuracy=0.000000
2019-05-15 14:50:03,939 [INFO]  Epoch[19] Train-cross-entropy=6.764061
2019-05-15 14:50:03,940 [INFO]  Epoch[19] Train-Weekly_Sales-accuracy=0.000000
2019-05-15 14:50:03,940 [INFO]  Epoch[19] Time cost=3.206
2019-05-15 14:50:03,942 [INFO]  Saved checkpoint to "imputer_model/model-0019.params"
2019-05-15 14:50:04,117 [INFO]  Epoch[19] Validation-cross-entropy=6.755606
2019-05-15 14:50:04,117 [INFO]  Epoch[19] Validation-Weekly_Sales-accuracy=0.000000
2019-05-15 14:50:05,718 [INFO]  Epoch[20] Batch [0-1475]	Speed: 14758.73 samples/sec	cross-entropy=6.352024	Weekly_Sales-accuracy=0.000000
2019-05-15 14:50:07,319 [INFO]  Epoch[20] Train-cross-entropy=6.736145
2019-05-15 14:50:07,319 [INFO]  Epoch[20] Train-Weekly_Sales-accuracy=0.000000
2019-05-15 14:50:07,319 [INFO]  Epoch[20] Time cost=3.202
2019-05-15 14:50:07,323 [INFO]  Saved checkpoint to "imputer_model/model-0020.params"
2019-05-15 14:50:07,491 [INFO]  Epoch[20] Validation-cross-entropy=6.919556
2019-05-15 14:50:07,492 [INFO]  Epoch[20] Validation-Weekly_Sales-accuracy=0.000000
2019-05-15 14:50:09,123 [INFO]  Epoch[21] Batch [0-1475]	Speed: 14482.10 samples/sec	cross-entropy=6.392394	Weekly_Sales-accuracy=0.000000
2019-05-15 14:50:10,720 [INFO]  Epoch[21] Train-cross-entropy=6.723304
2019-05-15 14:50:10,720 [INFO]  Epoch[21] Train-Weekly_Sales-accuracy=0.000000
2019-05-15 14:50:10,720 [INFO]  Epoch[21] Time cost=3.228
2019-05-15 14:50:10,724 [INFO]  Saved checkpoint to "imputer_model/model-0021.params"
2019-05-15 14:50:10,892 [INFO]  Epoch[21] Validation-cross-entropy=6.534257
2019-05-15 14:50:10,892 [INFO]  Epoch[21] Validation-Weekly_Sales-accuracy=0.000000
2019-05-15 14:50:12,500 [INFO]  Epoch[22] Batch [0-1475]	Speed: 14699.89 samples/sec	cross-entropy=6.359602	Weekly_Sales-accuracy=0.000000
2019-05-15 14:50:14,133 [INFO]  Epoch[22] Train-cross-entropy=6.689228
2019-05-15 14:50:14,133 [INFO]  Epoch[22] Train-Weekly_Sales-accuracy=0.000000
2019-05-15 14:50:14,133 [INFO]  Epoch[22] Time cost=3.241
2019-05-15 14:50:14,136 [INFO]  Saved checkpoint to "imputer_model/model-0022.params"
2019-05-15 14:50:14,301 [INFO]  Epoch[22] Validation-cross-entropy=6.732174
2019-05-15 14:50:14,301 [INFO]  Epoch[22] Validation-Weekly_Sales-accuracy=0.000000
2019-05-15 14:50:15,905 [INFO]  Epoch[23] Batch [0-1475]	Speed: 14733.05 samples/sec	cross-entropy=6.280088	Weekly_Sales-accuracy=0.000000
2019-05-15 14:50:17,509 [INFO]  Epoch[23] Train-cross-entropy=6.650818
2019-05-15 14:50:17,509 [INFO]  Epoch[23] Train-Weekly_Sales-accuracy=0.000000
2019-05-15 14:50:17,509 [INFO]  Epoch[23] Time cost=3.207
2019-05-15 14:50:17,512 [INFO]  Saved checkpoint to "imputer_model/model-0023.params"
2019-05-15 14:50:17,676 [INFO]  Epoch[23] Validation-cross-entropy=6.757517
2019-05-15 14:50:17,676 [INFO]  Epoch[23] Validation-Weekly_Sales-accuracy=0.000000
2019-05-15 14:50:19,303 [INFO]  Epoch[24] Batch [0-1475]	Speed: 14521.79 samples/sec	cross-entropy=6.317436	Weekly_Sales-accuracy=0.000000
2019-05-15 14:50:20,931 [INFO]  Epoch[24] Train-cross-entropy=6.665649
2019-05-15 14:50:20,932 [INFO]  Epoch[24] Train-Weekly_Sales-accuracy=0.000000
2019-05-15 14:50:20,932 [INFO]  Epoch[24] Time cost=3.256
2019-05-15 14:50:20,935 [INFO]  Saved checkpoint to "imputer_model/model-0024.params"
2019-05-15 14:50:21,105 [INFO]  Epoch[24] Validation-cross-entropy=6.742232
2019-05-15 14:50:21,105 [INFO]  Epoch[24] Validation-Weekly_Sales-accuracy=0.000000
2019-05-15 14:50:22,717 [INFO]  Epoch[25] Batch [0-1475]	Speed: 14653.40 samples/sec	cross-entropy=6.242188	Weekly_Sales-accuracy=0.000000
2019-05-15 14:50:24,323 [INFO]  Epoch[25] Train-cross-entropy=6.595166
2019-05-15 14:50:24,323 [INFO]  Epoch[25] Train-Weekly_Sales-accuracy=0.000000
2019-05-15 14:50:24,323 [INFO]  Epoch[25] Time cost=3.217
2019-05-15 14:50:24,325 [INFO]  Saved checkpoint to "imputer_model/model-0025.params"
2019-05-15 14:50:24,493 [INFO]  Epoch[25] Validation-cross-entropy=6.730773
2019-05-15 14:50:24,493 [INFO]  Epoch[25] Validation-Weekly_Sales-accuracy=0.000000
2019-05-15 14:50:26,105 [INFO]  Epoch[26] Batch [0-1475]	Speed: 14654.96 samples/sec	cross-entropy=6.301393	Weekly_Sales-accuracy=0.000000
2019-05-15 14:50:27,707 [INFO]  Epoch[26] Train-cross-entropy=6.633055
2019-05-15 14:50:27,707 [INFO]  Epoch[26] Train-Weekly_Sales-accuracy=0.000000
2019-05-15 14:50:27,707 [INFO]  Epoch[26] Time cost=3.214
2019-05-15 14:50:27,710 [INFO]  Saved checkpoint to "imputer_model/model-0026.params"
2019-05-15 14:50:27,880 [INFO]  No improvement detected for 5 epochs compared to 6.534257402961574 last error obtained: 6.7547519637907785, stopping here
2019-05-15 14:50:27,880 [INFO]  
========== done (91.82197618484497 s) fit model
